<?xml version="1.0" encoding="UTF-8"?>
<testsuite xmlns:xsi="http://www.w3.org/2001/XMLSchema-instance" xsi:noNamespaceSchemaLocation="https://maven.apache.org/surefire/maven-surefire-plugin/xsd/surefire-test-report-3.0.xsd" version="3.0" name="TestSuite" time="16.89" tests="6" errors="0" skipped="0" failures="0">
  <properties>
    <property name="java.specification.version" value="21"/>
    <property name="webdriver.chrome.driver" value="/Users/stellaagbadu/.cache/selenium/chromedriver/mac-arm64/122.0.6261.94/chromedriver"/>
    <property name="sun.jnu.encoding" value="UTF-8"/>
    <property name="java.class.path" value="/Users/stellaagbadu/Desktop/FrontEdgeApp/target/test-classes:/Users/stellaagbadu/Desktop/FrontEdgeApp/target/classes:/Users/stellaagbadu/.m2/repository/org/seleniumhq/selenium/selenium-java/4.18.1/selenium-java-4.18.1.jar:/Users/stellaagbadu/.m2/repository/org/seleniumhq/selenium/selenium-api/4.18.1/selenium-api-4.18.1.jar:/Users/stellaagbadu/.m2/repository/org/seleniumhq/selenium/selenium-chrome-driver/4.18.1/selenium-chrome-driver-4.18.1.jar:/Users/stellaagbadu/.m2/repository/com/google/auto/service/auto-service-annotations/1.1.1/auto-service-annotations-1.1.1.jar:/Users/stellaagbadu/.m2/repository/org/seleniumhq/selenium/selenium-chromium-driver/4.18.1/selenium-chromium-driver-4.18.1.jar:/Users/stellaagbadu/.m2/repository/org/seleniumhq/selenium/selenium-json/4.18.1/selenium-json-4.18.1.jar:/Users/stellaagbadu/.m2/repository/org/seleniumhq/selenium/selenium-manager/4.18.1/selenium-manager-4.18.1.jar:/Users/stellaagbadu/.m2/repository/org/seleniumhq/selenium/selenium-devtools-v120/4.18.1/selenium-devtools-v120-4.18.1.jar:/Users/stellaagbadu/.m2/repository/org/seleniumhq/selenium/selenium-devtools-v121/4.18.1/selenium-devtools-v121-4.18.1.jar:/Users/stellaagbadu/.m2/repository/org/seleniumhq/selenium/selenium-devtools-v122/4.18.1/selenium-devtools-v122-4.18.1.jar:/Users/stellaagbadu/.m2/repository/org/seleniumhq/selenium/selenium-devtools-v85/4.18.1/selenium-devtools-v85-4.18.1.jar:/Users/stellaagbadu/.m2/repository/org/seleniumhq/selenium/selenium-edge-driver/4.18.1/selenium-edge-driver-4.18.1.jar:/Users/stellaagbadu/.m2/repository/org/seleniumhq/selenium/selenium-firefox-driver/4.18.1/selenium-firefox-driver-4.18.1.jar:/Users/stellaagbadu/.m2/repository/org/seleniumhq/selenium/selenium-http/4.18.1/selenium-http-4.18.1.jar:/Users/stellaagbadu/.m2/repository/dev/failsafe/failsafe/3.3.2/failsafe-3.3.2.jar:/Users/stellaagbadu/.m2/repository/org/seleniumhq/selenium/selenium-ie-driver/4.18.1/selenium-ie-driver-4.18.1.jar:/Users/stellaagbadu/.m2/repository/org/seleniumhq/selenium/selenium-remote-driver/4.18.1/selenium-remote-driver-4.18.1.jar:/Users/stellaagbadu/.m2/repository/com/google/guava/guava/33.0.0-jre/guava-33.0.0-jre.jar:/Users/stellaagbadu/.m2/repository/com/google/guava/failureaccess/1.0.2/failureaccess-1.0.2.jar:/Users/stellaagbadu/.m2/repository/com/google/guava/listenablefuture/9999.0-empty-to-avoid-conflict-with-guava/listenablefuture-9999.0-empty-to-avoid-conflict-with-guava.jar:/Users/stellaagbadu/.m2/repository/com/google/code/findbugs/jsr305/3.0.2/jsr305-3.0.2.jar:/Users/stellaagbadu/.m2/repository/com/google/errorprone/error_prone_annotations/2.23.0/error_prone_annotations-2.23.0.jar:/Users/stellaagbadu/.m2/repository/com/google/j2objc/j2objc-annotations/2.8/j2objc-annotations-2.8.jar:/Users/stellaagbadu/.m2/repository/io/opentelemetry/semconv/opentelemetry-semconv/1.23.1-alpha/opentelemetry-semconv-1.23.1-alpha.jar:/Users/stellaagbadu/.m2/repository/io/opentelemetry/opentelemetry-api/1.35.0/opentelemetry-api-1.35.0.jar:/Users/stellaagbadu/.m2/repository/io/opentelemetry/opentelemetry-context/1.35.0/opentelemetry-context-1.35.0.jar:/Users/stellaagbadu/.m2/repository/io/opentelemetry/opentelemetry-exporter-logging/1.35.0/opentelemetry-exporter-logging-1.35.0.jar:/Users/stellaagbadu/.m2/repository/io/opentelemetry/opentelemetry-sdk-common/1.35.0/opentelemetry-sdk-common-1.35.0.jar:/Users/stellaagbadu/.m2/repository/io/opentelemetry/opentelemetry-sdk-extension-autoconfigure-spi/1.35.0/opentelemetry-sdk-extension-autoconfigure-spi-1.35.0.jar:/Users/stellaagbadu/.m2/repository/io/opentelemetry/opentelemetry-sdk-extension-autoconfigure/1.35.0/opentelemetry-sdk-extension-autoconfigure-1.35.0.jar:/Users/stellaagbadu/.m2/repository/io/opentelemetry/opentelemetry-api-events/1.35.0-alpha/opentelemetry-api-events-1.35.0-alpha.jar:/Users/stellaagbadu/.m2/repository/io/opentelemetry/opentelemetry-sdk-trace/1.35.0/opentelemetry-sdk-trace-1.35.0.jar:/Users/stellaagbadu/.m2/repository/io/opentelemetry/opentelemetry-extension-incubator/1.35.0-alpha/opentelemetry-extension-incubator-1.35.0-alpha.jar:/Users/stellaagbadu/.m2/repository/io/opentelemetry/opentelemetry-sdk/1.35.0/opentelemetry-sdk-1.35.0.jar:/Users/stellaagbadu/.m2/repository/io/opentelemetry/opentelemetry-sdk-metrics/1.35.0/opentelemetry-sdk-metrics-1.35.0.jar:/Users/stellaagbadu/.m2/repository/io/opentelemetry/opentelemetry-sdk-logs/1.35.0/opentelemetry-sdk-logs-1.35.0.jar:/Users/stellaagbadu/.m2/repository/net/bytebuddy/byte-buddy/1.14.12/byte-buddy-1.14.12.jar:/Users/stellaagbadu/.m2/repository/org/seleniumhq/selenium/selenium-os/4.18.1/selenium-os-4.18.1.jar:/Users/stellaagbadu/.m2/repository/org/apache/commons/commons-exec/1.3/commons-exec-1.3.jar:/Users/stellaagbadu/.m2/repository/org/seleniumhq/selenium/selenium-safari-driver/4.18.1/selenium-safari-driver-4.18.1.jar:/Users/stellaagbadu/.m2/repository/org/seleniumhq/selenium/selenium-support/4.18.1/selenium-support-4.18.1.jar:/Users/stellaagbadu/.m2/repository/log4j/log4j/1.2.17/log4j-1.2.17.jar:/Users/stellaagbadu/.m2/repository/org/json/json/20220924/json-20220924.jar:/Users/stellaagbadu/.m2/repository/com/aventstack/extentreports/5.0.9/extentreports-5.0.9.jar:/Users/stellaagbadu/.m2/repository/io/reactivex/rxjava3/rxjava/3.0.4/rxjava-3.0.4.jar:/Users/stellaagbadu/.m2/repository/org/reactivestreams/reactive-streams/1.0.3/reactive-streams-1.0.3.jar:/Users/stellaagbadu/.m2/repository/org/freemarker/freemarker/2.3.30/freemarker-2.3.30.jar:/Users/stellaagbadu/.m2/repository/com/google/code/gson/gson/2.8.6/gson-2.8.6.jar:/Users/stellaagbadu/.m2/repository/io/github/bonigarcia/webdrivermanager/5.7.0/webdrivermanager-5.7.0.jar:/Users/stellaagbadu/.m2/repository/org/slf4j/slf4j-api/2.0.12/slf4j-api-2.0.12.jar:/Users/stellaagbadu/.m2/repository/com/github/docker-java/docker-java/3.3.5/docker-java-3.3.5.jar:/Users/stellaagbadu/.m2/repository/com/github/docker-java/docker-java-core/3.3.5/docker-java-core-3.3.5.jar:/Users/stellaagbadu/.m2/repository/com/github/docker-java/docker-java-api/3.3.5/docker-java-api-3.3.5.jar:/Users/stellaagbadu/.m2/repository/org/bouncycastle/bcpkix-jdk18on/1.76/bcpkix-jdk18on-1.76.jar:/Users/stellaagbadu/.m2/repository/org/bouncycastle/bcprov-jdk18on/1.76/bcprov-jdk18on-1.76.jar:/Users/stellaagbadu/.m2/repository/org/bouncycastle/bcutil-jdk18on/1.76/bcutil-jdk18on-1.76.jar:/Users/stellaagbadu/.m2/repository/org/slf4j/jcl-over-slf4j/1.7.30/jcl-over-slf4j-1.7.30.jar:/Users/stellaagbadu/.m2/repository/com/github/docker-java/docker-java-transport-httpclient5/3.3.5/docker-java-transport-httpclient5-3.3.5.jar:/Users/stellaagbadu/.m2/repository/com/github/docker-java/docker-java-transport/3.3.5/docker-java-transport-3.3.5.jar:/Users/stellaagbadu/.m2/repository/net/java/dev/jna/jna/5.13.0/jna-5.13.0.jar:/Users/stellaagbadu/.m2/repository/org/brotli/dec/0.1.2/dec-0.1.2.jar:/Users/stellaagbadu/.m2/repository/org/apache/commons/commons-lang3/3.14.0/commons-lang3-3.14.0.jar:/Users/stellaagbadu/.m2/repository/org/apache/commons/commons-compress/1.26.0/commons-compress-1.26.0.jar:/Users/stellaagbadu/.m2/repository/org/apache/httpcomponents/client5/httpclient5/5.2.1/httpclient5-5.2.1.jar:/Users/stellaagbadu/.m2/repository/org/apache/httpcomponents/core5/httpcore5/5.2/httpcore5-5.2.jar:/Users/stellaagbadu/.m2/repository/org/apache/httpcomponents/core5/httpcore5-h2/5.2/httpcore5-h2-5.2.jar:/Users/stellaagbadu/.m2/repository/commons-io/commons-io/2.11.0/commons-io-2.11.0.jar:/Users/stellaagbadu/.m2/repository/org/testng/testng/7.7.1/testng-7.7.1.jar:/Users/stellaagbadu/.m2/repository/com/beust/jcommander/1.82/jcommander-1.82.jar:/Users/stellaagbadu/.m2/repository/org/webjars/jquery/3.6.1/jquery-3.6.1.jar:/Users/stellaagbadu/.m2/repository/org/checkerframework/checker-qual/3.34.0/checker-qual-3.34.0.jar:/Users/stellaagbadu/.m2/repository/com/relevantcodes/extentreports/2.41.2/extentreports-2.41.2.jar:/Users/stellaagbadu/.m2/repository/org/jsoup/jsoup/1.8.3/jsoup-1.8.3.jar:/Users/stellaagbadu/.m2/repository/org/xerial/sqlite-jdbc/3.8.11.1/sqlite-jdbc-3.8.11.1.jar:/Users/stellaagbadu/.m2/repository/org/mongodb/mongodb-driver/3.0.4/mongodb-driver-3.0.4.jar:/Users/stellaagbadu/.m2/repository/org/mongodb/bson/3.0.4/bson-3.0.4.jar:/Users/stellaagbadu/.m2/repository/org/mongodb/mongodb-driver-core/3.0.4/mongodb-driver-core-3.0.4.jar:/Users/stellaagbadu/.m2/repository/org/apache/logging/log4j/log4j-core/2.20.0/log4j-core-2.20.0.jar:/Users/stellaagbadu/.m2/repository/org/apache/logging/log4j/log4j-api/2.20.0/log4j-api-2.20.0.jar:/Users/stellaagbadu/.m2/repository/io/perfeccionista/framework/pagefactory-api/0.2.0-Beta/pagefactory-api-0.2.0-Beta.jar:/Users/stellaagbadu/.m2/repository/io/perfeccionista/framework/environment/0.2.0-Beta/environment-0.2.0-Beta.jar:/Users/stellaagbadu/.m2/repository/io/perfeccionista/framework/utils/0.2.0-Beta/utils-0.2.0-Beta.jar:/Users/stellaagbadu/.m2/repository/org/jetbrains/annotations/21.0.1/annotations-21.0.1.jar:/Users/stellaagbadu/.m2/repository/org/apiguardian/apiguardian-api/1.1.2/apiguardian-api-1.1.2.jar:/Users/stellaagbadu/.m2/repository/com/fasterxml/jackson/core/jackson-core/2.12.3/jackson-core-2.12.3.jar:/Users/stellaagbadu/.m2/repository/com/fasterxml/jackson/core/jackson-annotations/2.12.3/jackson-annotations-2.12.3.jar:/Users/stellaagbadu/.m2/repository/com/fasterxml/jackson/core/jackson-databind/2.12.3/jackson-databind-2.12.3.jar:/Users/stellaagbadu/.m2/repository/org/projectlombok/lombok/1.18.24/lombok-1.18.24.jar:"/>
    <property name="java.vm.vendor" value="Oracle Corporation"/>
    <property name="sun.arch.data.model" value="64"/>
    <property name="java.vendor.url" value="https://java.oracle.com/"/>
    <property name="user.timezone" value="Africa/Lagos"/>
    <property name="os.name" value="Mac OS X"/>
    <property name="java.vm.specification.version" value="21"/>
    <property name="sun.java.launcher" value="SUN_STANDARD"/>
    <property name="user.country" value="NG"/>
    <property name="sun.boot.library.path" value="/Users/stellaagbadu/Library/Java/JavaVirtualMachines/openjdk-21/Contents/Home/lib"/>
    <property name="sun.java.command" value="/Users/stellaagbadu/Desktop/FrontEdgeApp/target/surefire/surefirebooter13860127597281368013.jar /Users/stellaagbadu/Desktop/FrontEdgeApp/target/surefire 2024-03-07T18-28-57_047-jvmRun1 surefire2546334913620937901tmp surefire_016033097466992124345tmp"/>
    <property name="http.nonProxyHosts" value="local|*.local|169.254/16|*.169.254/16"/>
    <property name="jdk.debug" value="release"/>
    <property name="surefire.test.class.path" value="/Users/stellaagbadu/Desktop/FrontEdgeApp/target/test-classes:/Users/stellaagbadu/Desktop/FrontEdgeApp/target/classes:/Users/stellaagbadu/.m2/repository/org/seleniumhq/selenium/selenium-java/4.18.1/selenium-java-4.18.1.jar:/Users/stellaagbadu/.m2/repository/org/seleniumhq/selenium/selenium-api/4.18.1/selenium-api-4.18.1.jar:/Users/stellaagbadu/.m2/repository/org/seleniumhq/selenium/selenium-chrome-driver/4.18.1/selenium-chrome-driver-4.18.1.jar:/Users/stellaagbadu/.m2/repository/com/google/auto/service/auto-service-annotations/1.1.1/auto-service-annotations-1.1.1.jar:/Users/stellaagbadu/.m2/repository/org/seleniumhq/selenium/selenium-chromium-driver/4.18.1/selenium-chromium-driver-4.18.1.jar:/Users/stellaagbadu/.m2/repository/org/seleniumhq/selenium/selenium-json/4.18.1/selenium-json-4.18.1.jar:/Users/stellaagbadu/.m2/repository/org/seleniumhq/selenium/selenium-manager/4.18.1/selenium-manager-4.18.1.jar:/Users/stellaagbadu/.m2/repository/org/seleniumhq/selenium/selenium-devtools-v120/4.18.1/selenium-devtools-v120-4.18.1.jar:/Users/stellaagbadu/.m2/repository/org/seleniumhq/selenium/selenium-devtools-v121/4.18.1/selenium-devtools-v121-4.18.1.jar:/Users/stellaagbadu/.m2/repository/org/seleniumhq/selenium/selenium-devtools-v122/4.18.1/selenium-devtools-v122-4.18.1.jar:/Users/stellaagbadu/.m2/repository/org/seleniumhq/selenium/selenium-devtools-v85/4.18.1/selenium-devtools-v85-4.18.1.jar:/Users/stellaagbadu/.m2/repository/org/seleniumhq/selenium/selenium-edge-driver/4.18.1/selenium-edge-driver-4.18.1.jar:/Users/stellaagbadu/.m2/repository/org/seleniumhq/selenium/selenium-firefox-driver/4.18.1/selenium-firefox-driver-4.18.1.jar:/Users/stellaagbadu/.m2/repository/org/seleniumhq/selenium/selenium-http/4.18.1/selenium-http-4.18.1.jar:/Users/stellaagbadu/.m2/repository/dev/failsafe/failsafe/3.3.2/failsafe-3.3.2.jar:/Users/stellaagbadu/.m2/repository/org/seleniumhq/selenium/selenium-ie-driver/4.18.1/selenium-ie-driver-4.18.1.jar:/Users/stellaagbadu/.m2/repository/org/seleniumhq/selenium/selenium-remote-driver/4.18.1/selenium-remote-driver-4.18.1.jar:/Users/stellaagbadu/.m2/repository/com/google/guava/guava/33.0.0-jre/guava-33.0.0-jre.jar:/Users/stellaagbadu/.m2/repository/com/google/guava/failureaccess/1.0.2/failureaccess-1.0.2.jar:/Users/stellaagbadu/.m2/repository/com/google/guava/listenablefuture/9999.0-empty-to-avoid-conflict-with-guava/listenablefuture-9999.0-empty-to-avoid-conflict-with-guava.jar:/Users/stellaagbadu/.m2/repository/com/google/code/findbugs/jsr305/3.0.2/jsr305-3.0.2.jar:/Users/stellaagbadu/.m2/repository/com/google/errorprone/error_prone_annotations/2.23.0/error_prone_annotations-2.23.0.jar:/Users/stellaagbadu/.m2/repository/com/google/j2objc/j2objc-annotations/2.8/j2objc-annotations-2.8.jar:/Users/stellaagbadu/.m2/repository/io/opentelemetry/semconv/opentelemetry-semconv/1.23.1-alpha/opentelemetry-semconv-1.23.1-alpha.jar:/Users/stellaagbadu/.m2/repository/io/opentelemetry/opentelemetry-api/1.35.0/opentelemetry-api-1.35.0.jar:/Users/stellaagbadu/.m2/repository/io/opentelemetry/opentelemetry-context/1.35.0/opentelemetry-context-1.35.0.jar:/Users/stellaagbadu/.m2/repository/io/opentelemetry/opentelemetry-exporter-logging/1.35.0/opentelemetry-exporter-logging-1.35.0.jar:/Users/stellaagbadu/.m2/repository/io/opentelemetry/opentelemetry-sdk-common/1.35.0/opentelemetry-sdk-common-1.35.0.jar:/Users/stellaagbadu/.m2/repository/io/opentelemetry/opentelemetry-sdk-extension-autoconfigure-spi/1.35.0/opentelemetry-sdk-extension-autoconfigure-spi-1.35.0.jar:/Users/stellaagbadu/.m2/repository/io/opentelemetry/opentelemetry-sdk-extension-autoconfigure/1.35.0/opentelemetry-sdk-extension-autoconfigure-1.35.0.jar:/Users/stellaagbadu/.m2/repository/io/opentelemetry/opentelemetry-api-events/1.35.0-alpha/opentelemetry-api-events-1.35.0-alpha.jar:/Users/stellaagbadu/.m2/repository/io/opentelemetry/opentelemetry-sdk-trace/1.35.0/opentelemetry-sdk-trace-1.35.0.jar:/Users/stellaagbadu/.m2/repository/io/opentelemetry/opentelemetry-extension-incubator/1.35.0-alpha/opentelemetry-extension-incubator-1.35.0-alpha.jar:/Users/stellaagbadu/.m2/repository/io/opentelemetry/opentelemetry-sdk/1.35.0/opentelemetry-sdk-1.35.0.jar:/Users/stellaagbadu/.m2/repository/io/opentelemetry/opentelemetry-sdk-metrics/1.35.0/opentelemetry-sdk-metrics-1.35.0.jar:/Users/stellaagbadu/.m2/repository/io/opentelemetry/opentelemetry-sdk-logs/1.35.0/opentelemetry-sdk-logs-1.35.0.jar:/Users/stellaagbadu/.m2/repository/net/bytebuddy/byte-buddy/1.14.12/byte-buddy-1.14.12.jar:/Users/stellaagbadu/.m2/repository/org/seleniumhq/selenium/selenium-os/4.18.1/selenium-os-4.18.1.jar:/Users/stellaagbadu/.m2/repository/org/apache/commons/commons-exec/1.3/commons-exec-1.3.jar:/Users/stellaagbadu/.m2/repository/org/seleniumhq/selenium/selenium-safari-driver/4.18.1/selenium-safari-driver-4.18.1.jar:/Users/stellaagbadu/.m2/repository/org/seleniumhq/selenium/selenium-support/4.18.1/selenium-support-4.18.1.jar:/Users/stellaagbadu/.m2/repository/log4j/log4j/1.2.17/log4j-1.2.17.jar:/Users/stellaagbadu/.m2/repository/org/json/json/20220924/json-20220924.jar:/Users/stellaagbadu/.m2/repository/com/aventstack/extentreports/5.0.9/extentreports-5.0.9.jar:/Users/stellaagbadu/.m2/repository/io/reactivex/rxjava3/rxjava/3.0.4/rxjava-3.0.4.jar:/Users/stellaagbadu/.m2/repository/org/reactivestreams/reactive-streams/1.0.3/reactive-streams-1.0.3.jar:/Users/stellaagbadu/.m2/repository/org/freemarker/freemarker/2.3.30/freemarker-2.3.30.jar:/Users/stellaagbadu/.m2/repository/com/google/code/gson/gson/2.8.6/gson-2.8.6.jar:/Users/stellaagbadu/.m2/repository/io/github/bonigarcia/webdrivermanager/5.7.0/webdrivermanager-5.7.0.jar:/Users/stellaagbadu/.m2/repository/org/slf4j/slf4j-api/2.0.12/slf4j-api-2.0.12.jar:/Users/stellaagbadu/.m2/repository/com/github/docker-java/docker-java/3.3.5/docker-java-3.3.5.jar:/Users/stellaagbadu/.m2/repository/com/github/docker-java/docker-java-core/3.3.5/docker-java-core-3.3.5.jar:/Users/stellaagbadu/.m2/repository/com/github/docker-java/docker-java-api/3.3.5/docker-java-api-3.3.5.jar:/Users/stellaagbadu/.m2/repository/org/bouncycastle/bcpkix-jdk18on/1.76/bcpkix-jdk18on-1.76.jar:/Users/stellaagbadu/.m2/repository/org/bouncycastle/bcprov-jdk18on/1.76/bcprov-jdk18on-1.76.jar:/Users/stellaagbadu/.m2/repository/org/bouncycastle/bcutil-jdk18on/1.76/bcutil-jdk18on-1.76.jar:/Users/stellaagbadu/.m2/repository/org/slf4j/jcl-over-slf4j/1.7.30/jcl-over-slf4j-1.7.30.jar:/Users/stellaagbadu/.m2/repository/com/github/docker-java/docker-java-transport-httpclient5/3.3.5/docker-java-transport-httpclient5-3.3.5.jar:/Users/stellaagbadu/.m2/repository/com/github/docker-java/docker-java-transport/3.3.5/docker-java-transport-3.3.5.jar:/Users/stellaagbadu/.m2/repository/net/java/dev/jna/jna/5.13.0/jna-5.13.0.jar:/Users/stellaagbadu/.m2/repository/org/brotli/dec/0.1.2/dec-0.1.2.jar:/Users/stellaagbadu/.m2/repository/org/apache/commons/commons-lang3/3.14.0/commons-lang3-3.14.0.jar:/Users/stellaagbadu/.m2/repository/org/apache/commons/commons-compress/1.26.0/commons-compress-1.26.0.jar:/Users/stellaagbadu/.m2/repository/org/apache/httpcomponents/client5/httpclient5/5.2.1/httpclient5-5.2.1.jar:/Users/stellaagbadu/.m2/repository/org/apache/httpcomponents/core5/httpcore5/5.2/httpcore5-5.2.jar:/Users/stellaagbadu/.m2/repository/org/apache/httpcomponents/core5/httpcore5-h2/5.2/httpcore5-h2-5.2.jar:/Users/stellaagbadu/.m2/repository/commons-io/commons-io/2.11.0/commons-io-2.11.0.jar:/Users/stellaagbadu/.m2/repository/org/testng/testng/7.7.1/testng-7.7.1.jar:/Users/stellaagbadu/.m2/repository/com/beust/jcommander/1.82/jcommander-1.82.jar:/Users/stellaagbadu/.m2/repository/org/webjars/jquery/3.6.1/jquery-3.6.1.jar:/Users/stellaagbadu/.m2/repository/org/checkerframework/checker-qual/3.34.0/checker-qual-3.34.0.jar:/Users/stellaagbadu/.m2/repository/com/relevantcodes/extentreports/2.41.2/extentreports-2.41.2.jar:/Users/stellaagbadu/.m2/repository/org/jsoup/jsoup/1.8.3/jsoup-1.8.3.jar:/Users/stellaagbadu/.m2/repository/org/xerial/sqlite-jdbc/3.8.11.1/sqlite-jdbc-3.8.11.1.jar:/Users/stellaagbadu/.m2/repository/org/mongodb/mongodb-driver/3.0.4/mongodb-driver-3.0.4.jar:/Users/stellaagbadu/.m2/repository/org/mongodb/bson/3.0.4/bson-3.0.4.jar:/Users/stellaagbadu/.m2/repository/org/mongodb/mongodb-driver-core/3.0.4/mongodb-driver-core-3.0.4.jar:/Users/stellaagbadu/.m2/repository/org/apache/logging/log4j/log4j-core/2.20.0/log4j-core-2.20.0.jar:/Users/stellaagbadu/.m2/repository/org/apache/logging/log4j/log4j-api/2.20.0/log4j-api-2.20.0.jar:/Users/stellaagbadu/.m2/repository/io/perfeccionista/framework/pagefactory-api/0.2.0-Beta/pagefactory-api-0.2.0-Beta.jar:/Users/stellaagbadu/.m2/repository/io/perfeccionista/framework/environment/0.2.0-Beta/environment-0.2.0-Beta.jar:/Users/stellaagbadu/.m2/repository/io/perfeccionista/framework/utils/0.2.0-Beta/utils-0.2.0-Beta.jar:/Users/stellaagbadu/.m2/repository/org/jetbrains/annotations/21.0.1/annotations-21.0.1.jar:/Users/stellaagbadu/.m2/repository/org/apiguardian/apiguardian-api/1.1.2/apiguardian-api-1.1.2.jar:/Users/stellaagbadu/.m2/repository/com/fasterxml/jackson/core/jackson-core/2.12.3/jackson-core-2.12.3.jar:/Users/stellaagbadu/.m2/repository/com/fasterxml/jackson/core/jackson-annotations/2.12.3/jackson-annotations-2.12.3.jar:/Users/stellaagbadu/.m2/repository/com/fasterxml/jackson/core/jackson-databind/2.12.3/jackson-databind-2.12.3.jar:/Users/stellaagbadu/.m2/repository/org/projectlombok/lombok/1.18.24/lombok-1.18.24.jar:"/>
    <property name="sun.cpu.endian" value="little"/>
    <property name="user.home" value="/Users/stellaagbadu"/>
    <property name="user.language" value="en"/>
    <property name="java.specification.vendor" value="Oracle Corporation"/>
    <property name="java.version.date" value="2023-09-19"/>
    <property name="java.home" value="/Users/stellaagbadu/Library/Java/JavaVirtualMachines/openjdk-21/Contents/Home"/>
    <property name="file.separator" value="/"/>
    <property name="basedir" value="/Users/stellaagbadu/Desktop/FrontEdgeApp"/>
    <property name="java.vm.compressedOopsMode" value="Zero based"/>
    <property name="line.separator" value="&#10;"/>
    <property name="java.vm.specification.vendor" value="Oracle Corporation"/>
    <property name="java.specification.name" value="Java Platform API Specification"/>
    <property name="apple.awt.application.name" value="ForkedBooter"/>
    <property name="surefire.real.class.path" value="/Users/stellaagbadu/Desktop/FrontEdgeApp/target/surefire/surefirebooter13860127597281368013.jar"/>
    <property name="sun.management.compiler" value="HotSpot 64-Bit Tiered Compilers"/>
    <property name="ftp.nonProxyHosts" value="local|*.local|169.254/16|*.169.254/16"/>
    <property name="java.runtime.version" value="21+35-2513"/>
    <property name="user.name" value="stellaagbadu"/>
    <property name="stdout.encoding" value="UTF-8"/>
    <property name="path.separator" value=":"/>
    <property name="os.version" value="12.2.1"/>
    <property name="java.runtime.name" value="OpenJDK Runtime Environment"/>
    <property name="file.encoding" value="UTF-8"/>
    <property name="java.vm.name" value="OpenJDK 64-Bit Server VM"/>
    <property name="localRepository" value="/Users/stellaagbadu/.m2/repository"/>
    <property name="java.vendor.url.bug" value="https://bugreport.java.com/bugreport/"/>
    <property name="java.io.tmpdir" value="/var/folders/fh/s2s34tvj14j96y_630834tjc0000gn/T/"/>
    <property name="java.version" value="21"/>
    <property name="user.dir" value="/Users/stellaagbadu/Desktop/FrontEdgeApp"/>
    <property name="os.arch" value="aarch64"/>
    <property name="java.vm.specification.name" value="Java Virtual Machine Specification"/>
    <property name="native.encoding" value="UTF-8"/>
    <property name="java.library.path" value="/Users/stellaagbadu/Library/Java/Extensions:/Library/Java/Extensions:/Network/Library/Java/Extensions:/System/Library/Java/Extensions:/usr/lib/java:."/>
    <property name="java.vm.info" value="mixed mode, sharing"/>
    <property name="stderr.encoding" value="UTF-8"/>
    <property name="java.vendor" value="Oracle Corporation"/>
    <property name="java.vm.version" value="21+35-2513"/>
    <property name="sun.io.unicode.encoding" value="UnicodeBig"/>
    <property name="socksNonProxyHosts" value="local|*.local|169.254/16|*.169.254/16"/>
    <property name="java.class.version" value="65.0"/>
  </properties>
  <testcase name="ValidateUsersCanOpenFrontEdgeApplication[public void tests.Login.Login.ValidateUsersCanOpenFrontEdgeApplication(java.lang.reflect.Method) throws java.io.FileNotFoundException](1)" classname="tests.Login.Login" time="0.579">
    <system-out><![CDATA[18:28:57.765 [main] INFO  utils.logs.Log - Process is onStart methodRegression Suite
https://dev-suite.frontedge.io
18:29:06.629 [main] INFO  utils.logs.Log - ValidateUsersCanOpenFrontEdgeApplicationtest is starting...
Lets get you back
The message is: Lets get you back
18:29:07.214 [main] INFO  utils.logs.Log - ValidateUsersCanOpenFrontEdgeApplication test has succeeded.
]]></system-out>
    <system-err><![CDATA[SLF4J(W): No SLF4J providers were found.
SLF4J(W): Defaulting to no-operation (NOP) logger implementation
SLF4J(W): See https://www.slf4j.org/codes.html#noProviders for further details.
]]></system-err>
  </testcase>
  <testcase name="ValidateUsersIsUnableToLoginWithCorrectUsernameAndIncorrectPassword[public void tests.Login.Login.ValidateUsersIsUnableToLoginWithCorrectUsernameAndIncorrectPassword(java.lang.reflect.Method) throws java.io.FileNotFoundException](1)" classname="tests.Login.Login" time="1.747">
    <system-out><![CDATA[18:29:07.216 [main] INFO  utils.logs.Log - ValidateUsersIsUnableToLoginWithCorrectUsernameAndIncorrectPasswordtest is starting...
The message is: Invalid username or password
18:29:08.963 [main] INFO  utils.logs.Log - ValidateUsersIsUnableToLoginWithCorrectUsernameAndIncorrectPassword test has succeeded.
]]></system-out>
  </testcase>
  <testcase name="ValidateUsersIsUnableToLoginWithIncorrectUsernameAndIncorrectPassword[public void tests.Login.Login.ValidateUsersIsUnableToLoginWithIncorrectUsernameAndIncorrectPassword(java.lang.reflect.Method) throws java.io.FileNotFoundException](1)" classname="tests.Login.Login" time="1.291">
    <system-out><![CDATA[18:29:08.964 [main] INFO  utils.logs.Log - ValidateUsersIsUnableToLoginWithIncorrectUsernameAndIncorrectPasswordtest is starting...
The message is: Invalid username or password
18:29:10.253 [main] INFO  utils.logs.Log - ValidateUsersIsUnableToLoginWithIncorrectUsernameAndIncorrectPassword test has succeeded.
]]></system-out>
  </testcase>
  <testcase name="ValidateUsersIsUnableToLoginWithCorrectEmailAndIncorrectPassword[public void tests.Login.Login.ValidateUsersIsUnableToLoginWithCorrectEmailAndIncorrectPassword(java.lang.reflect.Method) throws java.io.FileNotFoundException](1)" classname="tests.Login.Login" time="1.457">
    <system-out><![CDATA[18:29:10.255 [main] INFO  utils.logs.Log - ValidateUsersIsUnableToLoginWithCorrectEmailAndIncorrectPasswordtest is starting...
The message is: Invalid username or password
18:29:11.711 [main] INFO  utils.logs.Log - ValidateUsersIsUnableToLoginWithCorrectEmailAndIncorrectPassword test has succeeded.
]]></system-out>
  </testcase>
  <testcase name="ValidateUsersIsUnableToLoginWithEmptyFields[public void tests.Login.Login.ValidateUsersIsUnableToLoginWithEmptyFields(java.lang.reflect.Method) throws java.io.FileNotFoundException](1)" classname="tests.Login.Login" time="1.278">
    <system-out><![CDATA[18:29:11.712 [main] INFO  utils.logs.Log - ValidateUsersIsUnableToLoginWithEmptyFieldstest is starting...
The message is: Invalid username or password
18:29:12.988 [main] INFO  utils.logs.Log - ValidateUsersIsUnableToLoginWithEmptyFields test has succeeded.
]]></system-out>
  </testcase>
  <testcase name="ValidateSuccessfulLogin[public void tests.Login.Login.ValidateSuccessfulLogin(java.lang.reflect.Method) throws java.io.FileNotFoundException](1)" classname="tests.Login.Login" time="0.812">
    <system-out><![CDATA[18:29:12.990 [main] INFO  utils.logs.Log - ValidateSuccessfulLogintest is starting...
The message is: Welcome Sad Business.
18:29:13.797 [main] INFO  utils.logs.Log - ValidateSuccessfulLogin test has succeeded.
]]></system-out>
  </testcase>
</testsuite>