<?xml version="1.0" encoding="UTF-8"?>
<!-- Generated by org.testng.reporters.JUnitReportReporter -->
<testsuite hostname="Stellas-MacBook-Pro.local" failures="0" tests="6" name="tests.Login.Login" time="7.161" errors="0" timestamp="2024-03-07T18:29:14 WAT" skipped="0">
  <testcase classname="tests.Login.Login" name="ValidateUsersCanOpenFrontEdgeApplication" time="0.585"/>
  <system-out/>
  <testcase classname="tests.Login.Login" name="ValidateUsersIsUnableToLoginWithCorrectUsernameAndIncorrectPassword" time="1.747"/>
  <system-out/>
  <testcase classname="tests.Login.Login" name="ValidateUsersIsUnableToLoginWithIncorrectUsernameAndIncorrectPassword" time="1.289"/>
  <system-out/>
  <testcase classname="tests.Login.Login" name="ValidateUsersIsUnableToLoginWithCorrectEmailAndIncorrectPassword" time="1.456"/>
  <system-out/>
  <testcase classname="tests.Login.Login" name="ValidateUsersIsUnableToLoginWithEmptyFields" time="1.276"/>
  <system-out/>
  <testcase classname="tests.Login.Login" name="ValidateSuccessfulLogin" time="0.808"/>
  <system-out/>
</testsuite> <!-- tests.Login.Login -->
